<?xml version="1.0" encoding="UTF-8"?>
<!-- Generated by org.testng.reporters.JUnitXMLReporter -->
<testsuite ignored="0" hostname="LAPTOP-DM71KGIM" failures="0" tests="2" name="Test2" time="2.708" errors="0" timestamp="2021-05-23T19:35:07 AWST">
  <testcase classname="com.qa.tests.AppTests" name="@BeforeMethod beforeMethod" time="0.003">
    <failure type="java.lang.NullPointerException">
      <![CDATA[java.lang.NullPointerException
at qa.mobile.BaseTest.closeApp(BaseTest.java:291)
at com.qa.tests.AppTests.beforeMethod(AppTests.java:70)
at java.base/java.util.ArrayList.forEach(ArrayList.java:1510)
at java.base/java.util.concurrent.FutureTask.run(FutureTask.java:264)
at java.base/java.util.concurrent.ThreadPoolExecutor.runWorker(ThreadPoolExecutor.java:1130)
at java.base/java.util.concurrent.ThreadPoolExecutor$Worker.run(ThreadPoolExecutor.java:630)
at java.base/java.lang.Thread.run(Thread.java:832)
... Removed 22 stack frames]]>
    </failure>
  </testcase> <!-- @BeforeMethod beforeMethod -->
  <testcase classname="com.qa.tests.AppTests" name="@AfterMethod afterMethod" time="-1.621769707073E9">
    <skipped/>
  </testcase> <!-- @AfterMethod afterMethod -->
  <testcase classname="com.qa.tests.AppTests" name="@BeforeMethod beforeMethod" time="-1.621769707076E9">
    <skipped/>
  </testcase> <!-- @BeforeMethod beforeMethod -->
  <testcase classname="com.qa.tests.AppTests" name="@AfterMethod afterMethod" time="-1.621769707081E9">
    <skipped/>
  </testcase> <!-- @AfterMethod afterMethod -->
  <testcase classname="com.qa.tests.AppTests" name="@AfterClass afterClass" time="-1.621769707083E9">
    <skipped/>
  </testcase> <!-- @AfterClass afterClass -->
  <testcase classname="com.qa.tests.AppTests" name="GeneralTest" time="0.0">
    <skipped/>
  </testcase> <!-- GeneralTest -->
  <testcase classname="com.qa.tests.AppTests" name="JustaTest" time="0.0">
    <skipped/>
  </testcase> <!-- JustaTest -->
</testsuite> <!-- Test2 -->
