<?xml version="1.0" encoding="UTF-8"?>
<testng-results skipped="0" failed="0" ignored="0" total="2" passed="2">
  <reporter-output>
  </reporter-output>
  <suite name="Suite" duration-ms="33743" started-at="2021-05-25T14:59:22 AWST" finished-at="2021-05-25T14:59:55 AWST">
    <groups>
    </groups>
    <test name="Test" duration-ms="33743" started-at="2021-05-25T14:59:22 AWST" finished-at="2021-05-25T14:59:55 AWST">
      <class name="com.qa.tests.AppTests">
        <test-method status="PASS" signature="beforeSuite()[pri:0, instance:com.qa.tests.AppTests@548e6d58]" name="beforeSuite" is-config="true" duration-ms="3600" started-at="2021-05-25T14:59:18 AWST" finished-at="2021-05-25T14:59:22 AWST">
          <reporter-output>
          </reporter-output>
        </test-method> <!-- beforeSuite -->
        <test-method status="PASS" signature="beforeClass(java.lang.String,java.lang.String,java.lang.String,java.lang.String,java.lang.String,java.lang.String)[pri:0, instance:com.qa.tests.AppTests@548e6d58]" name="beforeClass" is-config="true" duration-ms="12556" started-at="2021-05-25T14:59:22 AWST" finished-at="2021-05-25T14:59:34 AWST">
          <params>
            <param index="0">
              <value>
                <![CDATA[true]]>
              </value>
            </param>
            <param index="1">
              <value>
                <![CDATA[Android]]>
              </value>
            </param>
            <param index="2">
              <value>
                <![CDATA[11.0]]>
              </value>
            </param>
            <param index="3">
              <value>
                <![CDATA[Pixel3a]]>
              </value>
            </param>
            <param index="4">
              <value>
                <![CDATA[10000]]>
              </value>
            </param>
            <param index="5">
              <value>
                <![CDATA[11000]]>
              </value>
            </param>
          </params>
          <reporter-output>
          </reporter-output>
        </test-method> <!-- beforeClass -->
        <test-method status="PASS" signature="beforeMethod(java.lang.reflect.Method)[pri:0, instance:com.qa.tests.AppTests@548e6d58]" name="beforeMethod" is-config="true" duration-ms="3050" started-at="2021-05-25T14:59:34 AWST" finished-at="2021-05-25T14:59:37 AWST">
          <params>
            <param index="0">
              <value>
                <![CDATA[public void com.qa.tests.AppTests.GeneralTest() throws java.lang.InterruptedException]]>
              </value>
            </param>
          </params>
          <reporter-output>
          </reporter-output>
        </test-method> <!-- beforeMethod -->
        <test-method status="PASS" signature="GeneralTest()[pri:0, instance:com.qa.tests.AppTests@548e6d58]" name="GeneralTest" duration-ms="14839" started-at="2021-05-25T14:59:37 AWST" finished-at="2021-05-25T14:59:52 AWST">
          <reporter-output>
          </reporter-output>
        </test-method> <!-- GeneralTest -->
        <test-method status="PASS" signature="afterMethod()[pri:0, instance:com.qa.tests.AppTests@548e6d58]" name="afterMethod" is-config="true" duration-ms="0" started-at="2021-05-25T14:59:52 AWST" finished-at="2021-05-25T14:59:52 AWST">
          <reporter-output>
          </reporter-output>
        </test-method> <!-- afterMethod -->
        <test-method status="PASS" signature="beforeMethod(java.lang.reflect.Method)[pri:0, instance:com.qa.tests.AppTests@548e6d58]" name="beforeMethod" is-config="true" duration-ms="2390" started-at="2021-05-25T14:59:52 AWST" finished-at="2021-05-25T14:59:55 AWST">
          <params>
            <param index="0">
              <value>
                <![CDATA[public void com.qa.tests.AppTests.JustaTest()]]>
              </value>
            </param>
          </params>
          <reporter-output>
          </reporter-output>
        </test-method> <!-- beforeMethod -->
        <test-method status="PASS" signature="JustaTest()[pri:0, instance:com.qa.tests.AppTests@548e6d58]" name="JustaTest" duration-ms="1" started-at="2021-05-25T14:59:55 AWST" finished-at="2021-05-25T14:59:55 AWST">
          <reporter-output>
          </reporter-output>
        </test-method> <!-- JustaTest -->
        <test-method status="PASS" signature="afterMethod()[pri:0, instance:com.qa.tests.AppTests@548e6d58]" name="afterMethod" is-config="true" duration-ms="0" started-at="2021-05-25T14:59:55 AWST" finished-at="2021-05-25T14:59:55 AWST">
          <reporter-output>
          </reporter-output>
        </test-method> <!-- afterMethod -->
        <test-method status="PASS" signature="afterClass()[pri:0, instance:com.qa.tests.AppTests@548e6d58]" name="afterClass" is-config="true" duration-ms="864" started-at="2021-05-25T14:59:55 AWST" finished-at="2021-05-25T14:59:55 AWST">
          <reporter-output>
          </reporter-output>
        </test-method> <!-- afterClass -->
        <test-method status="PASS" signature="afterSuite()[pri:0, instance:com.qa.tests.AppTests@548e6d58]" name="afterSuite" is-config="true" duration-ms="64" started-at="2021-05-25T14:59:55 AWST" finished-at="2021-05-25T14:59:56 AWST">
          <reporter-output>
          </reporter-output>
        </test-method> <!-- afterSuite -->
      </class> <!-- com.qa.tests.AppTests -->
    </test> <!-- Test -->
  </suite> <!-- Suite -->
</testng-results>
