<?xml version="1.0" encoding="UTF-8"?>
<testng-results ignored="0" total="2" passed="2" failed="0" skipped="0">
  <reporter-output>
  </reporter-output>
  <suite started-at="2021-05-27T17:53:36 AWST" name="Suite" finished-at="2021-05-27T17:54:05 AWST" duration-ms="28910">
    <groups>
    </groups>
    <test started-at="2021-05-27T17:53:36 AWST" name="Test" finished-at="2021-05-27T17:54:05 AWST" duration-ms="28910">
      <class name="com.qa.tests.AppTests">
        <test-method is-config="true" signature="beforeSuite()[pri:0, instance:com.qa.tests.AppTests@2ea6e30c]" started-at="2021-05-27T17:53:33 AWST" name="beforeSuite" finished-at="2021-05-27T17:53:36 AWST" duration-ms="2921" status="PASS">
          <reporter-output>
          </reporter-output>
        </test-method> <!-- beforeSuite -->
        <test-method is-config="true" signature="beforeClass(java.lang.String,java.lang.String,java.lang.String,java.lang.String,java.lang.String,java.lang.String)[pri:0, instance:com.qa.tests.AppTests@2ea6e30c]" started-at="2021-05-27T17:53:36 AWST" name="beforeClass" finished-at="2021-05-27T17:53:46 AWST" duration-ms="9831" status="PASS">
          <params>
            <param index="0">
              <value>
                <![CDATA[true]]>
              </value>
            </param>
            <param index="1">
              <value>
                <![CDATA[Android]]>
              </value>
            </param>
            <param index="2">
              <value>
                <![CDATA[11.0]]>
              </value>
            </param>
            <param index="3">
              <value>
                <![CDATA[Pixel3a]]>
              </value>
            </param>
            <param index="4">
              <value>
                <![CDATA[10000]]>
              </value>
            </param>
            <param index="5">
              <value>
                <![CDATA[11000]]>
              </value>
            </param>
          </params>
          <reporter-output>
          </reporter-output>
        </test-method> <!-- beforeClass -->
        <test-method is-config="true" signature="beforeMethod(java.lang.reflect.Method)[pri:0, instance:com.qa.tests.AppTests@2ea6e30c]" started-at="2021-05-27T17:53:46 AWST" name="beforeMethod" finished-at="2021-05-27T17:53:48 AWST" duration-ms="2759" status="PASS">
          <params>
            <param index="0">
              <value>
                <![CDATA[public void com.qa.tests.AppTests.GeneralTest() throws java.lang.InterruptedException]]>
              </value>
            </param>
          </params>
          <reporter-output>
          </reporter-output>
        </test-method> <!-- beforeMethod -->
        <test-method signature="GeneralTest()[pri:0, instance:com.qa.tests.AppTests@2ea6e30c]" started-at="2021-05-27T17:53:48 AWST" name="GeneralTest" finished-at="2021-05-27T17:54:01 AWST" duration-ms="12964" status="PASS">
          <reporter-output>
          </reporter-output>
        </test-method> <!-- GeneralTest -->
        <test-method is-config="true" signature="afterMethod()[pri:0, instance:com.qa.tests.AppTests@2ea6e30c]" started-at="2021-05-27T17:54:01 AWST" name="afterMethod" finished-at="2021-05-27T17:54:01 AWST" duration-ms="0" status="PASS">
          <reporter-output>
          </reporter-output>
        </test-method> <!-- afterMethod -->
        <test-method is-config="true" signature="beforeMethod(java.lang.reflect.Method)[pri:0, instance:com.qa.tests.AppTests@2ea6e30c]" started-at="2021-05-27T17:54:01 AWST" name="beforeMethod" finished-at="2021-05-27T17:54:04 AWST" duration-ms="2791" status="PASS">
          <params>
            <param index="0">
              <value>
                <![CDATA[public void com.qa.tests.AppTests.JustaTest()]]>
              </value>
            </param>
          </params>
          <reporter-output>
          </reporter-output>
        </test-method> <!-- beforeMethod -->
        <test-method signature="JustaTest()[pri:0, instance:com.qa.tests.AppTests@2ea6e30c]" started-at="2021-05-27T17:54:04 AWST" name="JustaTest" finished-at="2021-05-27T17:54:04 AWST" duration-ms="2" status="PASS">
          <reporter-output>
          </reporter-output>
        </test-method> <!-- JustaTest -->
        <test-method is-config="true" signature="afterMethod()[pri:0, instance:com.qa.tests.AppTests@2ea6e30c]" started-at="2021-05-27T17:54:04 AWST" name="afterMethod" finished-at="2021-05-27T17:54:04 AWST" duration-ms="0" status="PASS">
          <reporter-output>
          </reporter-output>
        </test-method> <!-- afterMethod -->
        <test-method is-config="true" signature="afterClass()[pri:0, instance:com.qa.tests.AppTests@2ea6e30c]" started-at="2021-05-27T17:54:04 AWST" name="afterClass" finished-at="2021-05-27T17:54:05 AWST" duration-ms="531" status="PASS">
          <reporter-output>
          </reporter-output>
        </test-method> <!-- afterClass -->
        <test-method is-config="true" signature="afterSuite()[pri:0, instance:com.qa.tests.AppTests@2ea6e30c]" started-at="2021-05-27T17:54:05 AWST" name="afterSuite" finished-at="2021-05-27T17:54:05 AWST" duration-ms="62" status="PASS">
          <reporter-output>
          </reporter-output>
        </test-method> <!-- afterSuite -->
      </class> <!-- com.qa.tests.AppTests -->
    </test> <!-- Test -->
  </suite> <!-- Suite -->
</testng-results>
